<?xml version="1.0" encoding="UTF-8"?>
<!-- Generated by org.testng.reporters.JUnitReportReporter -->
<testsuite skipped="0" hostname="DESKTOP-DLGL6VP" name="SeleniumPractice.icount" tests="5" failures="0" timestamp="25 May 2020 18:40:52 GMT" time="0.015" errors="0">
  <testcase name="sum" time="0.001" classname="SeleniumPractice.icount"/>
  <testcase name="sum" time="0.001" classname="SeleniumPractice.icount"/>
  <testcase name="sum" time="0.001" classname="SeleniumPractice.icount"/>
  <testcase name="sum" time="0.001" classname="SeleniumPractice.icount"/>
  <testcase name="sum" time="0.011" classname="SeleniumPractice.icount"/>
</testsuite> <!-- SeleniumPractice.icount -->
