<?xml version="1.0" encoding="UTF-8"?>
<!-- Generated by org.testng.reporters.JUnitReportReporter -->
<testsuite skipped="0" hostname="DESKTOP-DLGL6VP" name="SeleniumPractice.TestNgBasics" tests="3" failures="0" timestamp="25 May 2020 17:31:01 GMT" time="0.015" errors="0">
  <testcase name="title" time="0.009" classname="SeleniumPractice.TestNgBasics"/>
  <testcase name="title2" time="0.003" classname="SeleniumPractice.TestNgBasics"/>
  <testcase name="title3" time="0.003" classname="SeleniumPractice.TestNgBasics"/>
</testsuite> <!-- SeleniumPractice.TestNgBasics -->
