<?xml version="1.0" encoding="UTF-8"?>
<!-- Generated by org.testng.reporters.JUnitReportReporter -->
<testsuite skipped="0" hostname="DESKTOP-DLGL6VP" name="SeleniumPractice.Testngfeatures" tests="3" failures="0" timestamp="25 May 2020 18:30:19 GMT" time="0.018" errors="0">
  <testcase name="login" time="0.016" classname="SeleniumPractice.Testngfeatures"/>
  <testcase name="homepage" time="0.001" classname="SeleniumPractice.Testngfeatures"/>
  <testcase name="searchpage" time="0.001" classname="SeleniumPractice.Testngfeatures"/>
</testsuite> <!-- SeleniumPractice.Testngfeatures -->
